Diagnose log at 2024-10-11T16:34:39Z

Executable: C:\Program Files\Git\mingw64\libexec\git-core\git-credential-manager-core.exe
Version: 2.0.632+478753bbb7

------------
Diagnostic: Environment
Skipped: False
Success: True
Exception: None
Log:
OSType: Windows
OSVersion: 10.0 (build 22631)
Reading environment variables... OK
 Variables:
HOMEPATH=\Users\sfarr
DriverData=C:\Windows\System32\Drivers\DriverData
COMPUTERNAME=WAPTOP-UWU
EFC_16520=1
CommonProgramFiles(x86)=C:\Program Files (x86)\Common Files
OneDrive=C:\Users\sfarr\OneDrive
ChocolateyLastPathUpdate=133722457002413415
LANG=en_US.UTF-8
TMP=C:\Users\sfarr\AppData\Local\Temp
HOME=C:\Users\sfarr
PROCESSOR_REVISION=7e05
PATHEXT=.COM;.EXE;.BAT;.CMD;.VBS;.VBE;.JS;.JSE;.WSF;.WSH;.MSC;.PY;.PYW;.CPL
GIT_ASKPASS=c:\Users\sfarr\AppData\Local\Programs\Microsoft VS Code\resources\app\extensions\git\dist\askpass.sh
GIT_EXEC_PATH=C:/Program Files/Git/mingw64/libexec/git-core
TEMP=C:\Users\sfarr\AppData\Local\Temp
LOCALAPPDATA=C:\Users\sfarr\AppData\Local
MSYSTEM=MINGW64
TERM=cygwin
ProgramW6432=C:\Program Files
USERDOMAIN=WAPTOP-UWU
ProgramFiles(x86)=C:\Program Files (x86)
Path=C:/Program Files/Git/mingw64/libexec/git-core;C:\Program Files\Git\mingw64\bin;C:\Program Files\Git\usr\bin;C:\Users\sfarr\bin;C:\Python312\Scripts\;C:\Python312\;C:\Program Files (x86)\Common Files\Oracle\Java\javapath;C:\WINDOWS\system32;C:\WINDOWS;C:\WINDOWS\System32\Wbem;C:\WINDOWS\System32\WindowsPowerShell\v1.0\;C:\WINDOWS\System32\OpenSSH\;C:\Program Files\Git\cmd;C:\Program Files (x86)\Windows Kits\10\Windows Performance Toolkit\;C:\Program Files\Graphviz\bin;C:\Program Files\nodejs\;C:\ProgramData\chocolatey\bin;C:\Program Files\Microsoft Visual Studio\2022\Community\MSBuild\Current\Bin;C:\Users\sfarr\miniconda3;C:\Users\sfarr\miniconda3\Scripts;C:\Users\sfarr\AppData\Local\Programs\MiKTeX\miktex\bin\x64\;C:\Users\sfarr\AppData\Local\Microsoft\WindowsApps;C:\msys64\ucrt64\bin;C:\Users\sfarr\AppData\Local\Programs\Microsoft VS Code\bin;C:\Users\sfarr\AppData\Roaming\npm
TERM_PROGRAM=vscode
PROCESSOR_LEVEL=6
PROCESSOR_IDENTIFIER=Intel64 Family 6 Model 126 Stepping 5, GenuineIntel
TMPDIR=C:\Users\sfarr\AppData\Local\Temp
VSCODE_GIT_ASKPASS_EXTRA_ARGS=
TERM_PROGRAM_VERSION=1.94.0
configsetroot=C:\WINDOWS\ConfigSetRoot
PSModulePath=C:\Users\sfarr\OneDrive\Documents\WindowsPowerShell\Modules;C:\Program Files\WindowsPowerShell\Modules;C:\WINDOWS\system32\WindowsPowerShell\v1.0\Modules
PUBLIC=C:\Users\Public
NUMBER_OF_PROCESSORS=8
CommonProgramFiles=C:\Program Files (x86)\Common Files
VSCODE_INJECTION=1
VSCODE_GIT_IPC_HANDLE=\\.\pipe\vscode-git-eebba866a2-sock
CHROME_CRASHPAD_PIPE_NAME=\\.\pipe\crashpad_3016_UBEBFVQHODNTFQNA
VSCODE_GIT_ASKPASS_MAIN=c:\Users\sfarr\AppData\Local\Programs\Microsoft VS Code\resources\app\extensions\git\dist\askpass-main.js
PLINK_PROTOCOL=ssh
ProgramData=C:\ProgramData
ProgramFiles=C:\Program Files (x86)
ChocolateyInstall=C:\ProgramData\chocolatey
VSCODE_GIT_ASKPASS_NODE=C:\Users\sfarr\AppData\Local\Programs\Microsoft VS Code\Code.exe
SystemRoot=C:\WINDOWS
ORIGINAL_XDG_CURRENT_DESKTOP=undefined
SESSIONNAME=Console
CommonProgramW6432=C:\Program Files\Common Files
ZES_ENABLE_SYSMAN=1
LOGONSERVER=\\WAPTOP-UWU
USERPROFILE=C:\Users\sfarr
COLORTERM=truecolor
USERDOMAIN_ROAMINGPROFILE=WAPTOP-UWU
APPDATA=C:\Users\sfarr\AppData\Roaming
HOMEDRIVE=C:
VBOX_MSI_INSTALL_PATH=C:\Program Files\Oracle\VirtualBox\
USERNAME=sfarr
PROCESSOR_ARCHITEW6432=AMD64
PROCESSOR_ARCHITECTURE=x86
OS=Windows_NT
ComSpec=C:\WINDOWS\system32\cmd.exe
SystemDrive=C:
windir=C:\WINDOWS
OneDriveConsumer=C:\Users\sfarr\OneDrive
ALLUSERSPROFILE=C:\ProgramData


------------
Diagnostic: File system
Skipped: False
Success: True
Exception: None
Log:
Temporary directory is 'C:\Users\sfarr\AppData\Local\Temp\'...
Checking basic file I/O...
Writing to temporary file 'C:\Users\sfarr\AppData\Local\Temp\22634744ad986e8a65c595e7'... OK
Reading from temporary file 'C:\Users\sfarr\AppData\Local\Temp\22634744ad986e8a65c595e7'... OK
Deleting temporary file 'C:\Users\sfarr\AppData\Local\Temp\22634744ad986e8a65c595e7'... OK
Testing IFileSystem instance...
UserHomePath: C:\Users\sfarr
UserDataDirectoryPath: C:\Users\sfarr\.gcm
GetCurrentDirectory(): C:\Users\sfarr\OneDrive\Documents\matcad\obsidian-matcad

------------
Diagnostic: Networking
Skipped: False
Success: True
Exception: None
Log:
Checking basic networking and HTTP stack...
Creating HTTP client... OK
IsNetworkAvailable: True
Sending HEAD request to http://example.com... OK
Sending HEAD request to https://example.com... OK
Acquiring free TCP port... OK
Testing local HTTP loopback connections...
Creating new HTTP listener for http://localhost:59052/... OK
Waiting for loopback connection... OK
Writing response... OK
Waiting for response data... OK
Loopback connection data OK
Testing with IHttpClientFactory created HTTP client...
Creating HTTP client... OK
IsNetworkAvailable: True
Sending HEAD request to http://example.com... OK
Sending HEAD request to https://example.com... OK
Acquiring free TCP port... OK
Testing local HTTP loopback connections...
Creating new HTTP listener for http://localhost:59056/... OK
Waiting for loopback connection... OK
Writing response... OK
Waiting for response data... OK
Loopback connection data OK

------------
Diagnostic: Git
Skipped: False
Success: True
Exception: None
Log:
Getting Git version... OK
Git version is '2.35.1.windows.2'
Locating current repository... OK
Git repository at 'C:/Users/sfarr/OneDrive/Documents/matcad/obsidian-matcad/.git'
Listing all Git configuration... OK
Git configuration:
file:C:/Program Files/Git/etc/gitconfig	diff.astextplain.textconv=astextplain
file:C:/Program Files/Git/etc/gitconfig	filter.lfs.clean=git-lfs clean -- %f
file:C:/Program Files/Git/etc/gitconfig	filter.lfs.smudge=git-lfs smudge -- %f
file:C:/Program Files/Git/etc/gitconfig	filter.lfs.process=git-lfs filter-process
file:C:/Program Files/Git/etc/gitconfig	filter.lfs.required=true
file:C:/Program Files/Git/etc/gitconfig	http.sslbackend=openssl
file:C:/Program Files/Git/etc/gitconfig	http.sslcainfo=C:/Program Files/Git/mingw64/ssl/certs/ca-bundle.crt
file:C:/Program Files/Git/etc/gitconfig	core.autocrlf=true
file:C:/Program Files/Git/etc/gitconfig	core.fscache=true
file:C:/Program Files/Git/etc/gitconfig	core.symlinks=false
file:C:/Program Files/Git/etc/gitconfig	pull.rebase=false
file:C:/Program Files/Git/etc/gitconfig	credential.helper=manager-core
file:C:/Program Files/Git/etc/gitconfig	credential.https://dev.azure.com.usehttppath=true
file:C:/Program Files/Git/etc/gitconfig	init.defaultbranch=master
file:C:/Users/sfarr/.gitconfig	user.email=sfarre0325@gmail.com
file:C:/Users/sfarr/.gitconfig	user.name=samm6302
file:C:/Users/sfarr/.gitconfig	credential.helper=cache
file:.git/config	core.repositoryformatversion=0
file:.git/config	core.filemode=false
file:.git/config	core.bare=false
file:.git/config	core.logallrefupdates=true
file:.git/config	core.symlinks=false
file:.git/config	core.ignorecase=true
file:.git/config	remote.origin.url=https://github.com/azel-cherry/obsidian-matcad.git
file:.git/config	remote.origin.fetch=+refs/heads/*:refs/remotes/origin/*
file:.git/config	branch.master.remote=origin
file:.git/config	branch.master.merge=refs/heads/master
file:.git/config	branch.master.vscode-merge-base=origin/master
file:.git/config	user.email=sfarre0325@gmail.com
file:.git/config	credential.helper=store


------------
Diagnostic: Credential storage
Skipped: False
Success: True
Exception: None
Log:
ICredentialStore instance is of type: CredentialStore
Writing test credential... OK
Reading test credential... OK
Deleting test credential... OK

------------
Diagnostic: Microsoft authentication (AAD/MSA)
Skipped: False
Success: True
Exception: None
Log:
Broker not supported.
Flow type is: Auto
Gathering MSAL token cache data... OK
CacheDirectory: C:\Users\sfarr\AppData\Local\.IdentityService
CacheFileName: msal.cache
CacheFilePath: C:\Users\sfarr\AppData\Local\.IdentityService\msal.cache
Creating cache helper... OK
Verifying MSAL token cache persistence... OK

------------
Diagnostic: GitHub API
Skipped: False
Success: True
Exception: None
Log:
Using 'https://github.com/' as API target.
Querying '/meta' endpoint... OK

